[debug] [2019-08-21T15:22:35.328Z] ----------------------------------------------------------------------
[debug] [2019-08-21T15:22:35.330Z] Command:       /usr/local/bin/node /usr/local/bin/firebase deploy
[debug] [2019-08-21T15:22:35.330Z] CLI Version:   7.2.4
[debug] [2019-08-21T15:22:35.330Z] Platform:      darwin
[debug] [2019-08-21T15:22:35.330Z] Node Version:  v12.8.0
[debug] [2019-08-21T15:22:35.331Z] Time:          Wed Aug 21 2019 20:52:35 GMT+0530 (India Standard Time)
[debug] [2019-08-21T15:22:35.331Z] ----------------------------------------------------------------------
[debug] 
[debug] [2019-08-21T15:22:35.341Z] > command requires scopes: ["email","openid","https://www.googleapis.com/auth/cloudplatformprojects.readonly","https://www.googleapis.com/auth/firebase","https://www.googleapis.com/auth/cloud-platform"]
[debug] [2019-08-21T15:22:35.342Z] > authorizing via signed-in user
[debug] [2019-08-21T15:22:35.342Z] [iam] checking project loanapplication-9ea79 for permissions ["firebase.projects.get","firebasehosting.sites.update"]
[debug] [2019-08-21T15:22:35.343Z] > refreshing access token with scopes: ["email","https://www.googleapis.com/auth/cloud-platform","https://www.googleapis.com/auth/cloudplatformprojects.readonly","https://www.googleapis.com/auth/firebase","openid"]
[debug] [2019-08-21T15:22:35.343Z] >>> HTTP REQUEST POST https://www.googleapis.com/oauth2/v3/token  
 <request body omitted>
[debug] [2019-08-21T15:22:35.564Z] <<< HTTP RESPONSE 200
[debug] [2019-08-21T15:22:35.595Z] >>> HTTP REQUEST POST https://cloudresourcemanager.googleapis.com/v1/projects/loanapplication-9ea79:testIamPermissions  

[debug] [2019-08-21T15:22:35.796Z] <<< HTTP RESPONSE 200
[debug] [2019-08-21T15:22:35.799Z] >>> HTTP REQUEST GET https://firebase.googleapis.com/v1beta1/projects/loanapplication-9ea79  
 
[debug] [2019-08-21T15:22:36.121Z] <<< HTTP RESPONSE 200
[info] 
[info] === Deploying to 'loanapplication-9ea79'...
[info] 
[info] i  deploying hosting
[debug] [2019-08-21T15:22:36.125Z] >>> HTTP REQUEST POST https://firebasehosting.googleapis.com/v1beta1/sites/loanapplication-9ea79/versions  

[debug] [2019-08-21T15:22:36.481Z] <<< HTTP RESPONSE 500
[debug] [2019-08-21T15:22:36.482Z] <<< HTTP RESPONSE BODY
[error] 
[error] Error: HTTP Error: 500, Internal error encountered.
[debug] [2019-08-21T15:22:36.484Z] Error Context: {
  "body": {
    "error": {
      "code": 500,
      "message": "Internal error encountered.",
      "status": "INTERNAL"
    }
  },
  "response": {
    "statusCode": 500,
    "body": {
      "error": {
        "code": 500,
        "message": "Internal error encountered.",
        "status": "INTERNAL"
      }
    },
    "headers": {
      "vary": "X-Origin, Referer, Origin,Accept-Encoding",
      "content-type": "application/json; charset=UTF-8",
      "date": "Wed, 21 Aug 2019 15:22:28 GMT",
      "server": "ESF",
      "cache-control": "private",
      "x-xss-protection": "0",
      "x-frame-options": "SAMEORIGIN",
      "x-content-type-options": "nosniff",
      "alt-svc": "quic=\":443\"; ma=2592000; v=\"46,43,39\"",
      "accept-ranges": "none",
      "transfer-encoding": "chunked"
    },
    "request": {
      "uri": {
        "protocol": "https:",
        "slashes": true,
        "auth": null,
        "host": "firebasehosting.googleapis.com",
        "port": 443,
        "hostname": "firebasehosting.googleapis.com",
        "hash": null,
        "search": null,
        "query": null,
        "pathname": "/v1beta1/sites/loanapplication-9ea79/versions",
        "path": "/v1beta1/sites/loanapplication-9ea79/versions",
        "href": "https://firebasehosting.googleapis.com/v1beta1/sites/loanapplication-9ea79/versions"
      },
      "method": "POST"
    }
  }
}
[debug] [2019-08-21T15:24:31.646Z] ----------------------------------------------------------------------
[debug] [2019-08-21T15:24:31.649Z] Command:       /usr/local/bin/node /usr/local/bin/firebase deploy
[debug] [2019-08-21T15:24:31.649Z] CLI Version:   7.2.4
[debug] [2019-08-21T15:24:31.649Z] Platform:      darwin
[debug] [2019-08-21T15:24:31.649Z] Node Version:  v12.8.0
[debug] [2019-08-21T15:24:31.650Z] Time:          Wed Aug 21 2019 20:54:31 GMT+0530 (India Standard Time)
[debug] [2019-08-21T15:24:31.650Z] ----------------------------------------------------------------------
[debug] 
[debug] [2019-08-21T15:24:31.660Z] > command requires scopes: ["email","openid","https://www.googleapis.com/auth/cloudplatformprojects.readonly","https://www.googleapis.com/auth/firebase","https://www.googleapis.com/auth/cloud-platform"]
[debug] [2019-08-21T15:24:31.660Z] > authorizing via signed-in user
[debug] [2019-08-21T15:24:31.660Z] [iam] checking project loanapplication-9ea79 for permissions ["firebase.projects.get","firebasehosting.sites.update"]
[debug] [2019-08-21T15:24:31.663Z] >>> HTTP REQUEST POST https://cloudresourcemanager.googleapis.com/v1/projects/loanapplication-9ea79:testIamPermissions  

[debug] [2019-08-21T15:24:31.844Z] <<< HTTP RESPONSE 200
[debug] [2019-08-21T15:24:31.847Z] >>> HTTP REQUEST GET https://firebase.googleapis.com/v1beta1/projects/loanapplication-9ea79  
 
[debug] [2019-08-21T15:24:32.092Z] <<< HTTP RESPONSE 200
[info] 
[info] === Deploying to 'loanapplication-9ea79'...
[info] 
[info] i  deploying hosting
[debug] [2019-08-21T15:24:32.096Z] >>> HTTP REQUEST POST https://firebasehosting.googleapis.com/v1beta1/sites/loanapplication-9ea79/versions  

[debug] [2019-08-21T15:24:32.401Z] <<< HTTP RESPONSE 500
[debug] [2019-08-21T15:24:32.401Z] <<< HTTP RESPONSE BODY
[error] 
[error] Error: HTTP Error: 500, Internal error encountered.
[debug] [2019-08-21T15:24:32.404Z] Error Context: {
  "body": {
    "error": {
      "code": 500,
      "message": "Internal error encountered.",
      "status": "INTERNAL"
    }
  },
  "response": {
    "statusCode": 500,
    "body": {
      "error": {
        "code": 500,
        "message": "Internal error encountered.",
        "status": "INTERNAL"
      }
    },
    "headers": {
      "vary": "X-Origin, Referer, Origin,Accept-Encoding",
      "content-type": "application/json; charset=UTF-8",
      "date": "Wed, 21 Aug 2019 15:24:24 GMT",
      "server": "ESF",
      "cache-control": "private",
      "x-xss-protection": "0",
      "x-frame-options": "SAMEORIGIN",
      "x-content-type-options": "nosniff",
      "alt-svc": "quic=\":443\"; ma=2592000; v=\"46,43,39\"",
      "accept-ranges": "none",
      "transfer-encoding": "chunked"
    },
    "request": {
      "uri": {
        "protocol": "https:",
        "slashes": true,
        "auth": null,
        "host": "firebasehosting.googleapis.com",
        "port": 443,
        "hostname": "firebasehosting.googleapis.com",
        "hash": null,
        "search": null,
        "query": null,
        "pathname": "/v1beta1/sites/loanapplication-9ea79/versions",
        "path": "/v1beta1/sites/loanapplication-9ea79/versions",
        "href": "https://firebasehosting.googleapis.com/v1beta1/sites/loanapplication-9ea79/versions"
      },
      "method": "POST"
    }
  }
}
[debug] [2019-08-21T15:27:09.338Z] ----------------------------------------------------------------------
[debug] [2019-08-21T15:27:09.340Z] Command:       /usr/local/bin/node /usr/local/bin/firebase deploy
[debug] [2019-08-21T15:27:09.340Z] CLI Version:   7.2.4
[debug] [2019-08-21T15:27:09.340Z] Platform:      darwin
[debug] [2019-08-21T15:27:09.340Z] Node Version:  v12.8.0
[debug] [2019-08-21T15:27:09.341Z] Time:          Wed Aug 21 2019 20:57:09 GMT+0530 (India Standard Time)
[debug] [2019-08-21T15:27:09.341Z] ----------------------------------------------------------------------
[debug] 
[debug] [2019-08-21T15:27:09.348Z] > command requires scopes: ["email","openid","https://www.googleapis.com/auth/cloudplatformprojects.readonly","https://www.googleapis.com/auth/firebase","https://www.googleapis.com/auth/cloud-platform"]
[debug] [2019-08-21T15:27:09.348Z] > authorizing via signed-in user
[debug] [2019-08-21T15:27:09.349Z] [iam] checking project loanapplication-9ea79 for permissions ["firebase.projects.get","firebasehosting.sites.update"]
[debug] [2019-08-21T15:27:09.350Z] >>> HTTP REQUEST POST https://cloudresourcemanager.googleapis.com/v1/projects/loanapplication-9ea79:testIamPermissions  

[debug] [2019-08-21T15:27:11.038Z] <<< HTTP RESPONSE 200
[debug] [2019-08-21T15:27:11.041Z] >>> HTTP REQUEST GET https://firebase.googleapis.com/v1beta1/projects/loanapplication-9ea79  
 
[debug] [2019-08-21T15:27:12.269Z] <<< HTTP RESPONSE 200
[info] 
[info] === Deploying to 'loanapplication-9ea79'...
[info] 
[info] i  deploying hosting
[debug] [2019-08-21T15:27:12.273Z] >>> HTTP REQUEST POST https://firebasehosting.googleapis.com/v1beta1/sites/loanapplication-9ea79/versions  

[debug] [2019-08-21T15:27:13.994Z] <<< HTTP RESPONSE 500
[debug] [2019-08-21T15:27:13.994Z] <<< HTTP RESPONSE BODY
[error] 
[error] Error: HTTP Error: 500, Internal error encountered.
[debug] [2019-08-21T15:27:13.996Z] Error Context: {
  "body": {
    "error": {
      "code": 500,
      "message": "Internal error encountered.",
      "status": "INTERNAL"
    }
  },
  "response": {
    "statusCode": 500,
    "body": {
      "error": {
        "code": 500,
        "message": "Internal error encountered.",
        "status": "INTERNAL"
      }
    },
    "headers": {
      "vary": "X-Origin, Referer, Origin,Accept-Encoding",
      "content-type": "application/json; charset=UTF-8",
      "date": "Wed, 21 Aug 2019 15:27:05 GMT",
      "server": "ESF",
      "cache-control": "private",
      "x-xss-protection": "0",
      "x-frame-options": "SAMEORIGIN",
      "x-content-type-options": "nosniff",
      "alt-svc": "quic=\":443\"; ma=2592000; v=\"46,43,39\"",
      "accept-ranges": "none",
      "transfer-encoding": "chunked"
    },
    "request": {
      "uri": {
        "protocol": "https:",
        "slashes": true,
        "auth": null,
        "host": "firebasehosting.googleapis.com",
        "port": 443,
        "hostname": "firebasehosting.googleapis.com",
        "hash": null,
        "search": null,
        "query": null,
        "pathname": "/v1beta1/sites/loanapplication-9ea79/versions",
        "path": "/v1beta1/sites/loanapplication-9ea79/versions",
        "href": "https://firebasehosting.googleapis.com/v1beta1/sites/loanapplication-9ea79/versions"
      },
      "method": "POST"
    }
  }
}
[debug] [2019-08-21T15:37:18.526Z] ----------------------------------------------------------------------
[debug] [2019-08-21T15:37:18.530Z] Command:       /usr/local/bin/node /usr/local/bin/firebase deploy
[debug] [2019-08-21T15:37:18.530Z] CLI Version:   7.2.4
[debug] [2019-08-21T15:37:18.530Z] Platform:      darwin
[debug] [2019-08-21T15:37:18.530Z] Node Version:  v12.8.0
[debug] [2019-08-21T15:37:18.531Z] Time:          Wed Aug 21 2019 21:07:18 GMT+0530 (India Standard Time)
[debug] [2019-08-21T15:37:18.531Z] ----------------------------------------------------------------------
[debug] 
[debug] [2019-08-21T15:37:18.558Z] > command requires scopes: ["email","openid","https://www.googleapis.com/auth/cloudplatformprojects.readonly","https://www.googleapis.com/auth/firebase","https://www.googleapis.com/auth/cloud-platform"]
[debug] [2019-08-21T15:37:18.558Z] > authorizing via signed-in user
[debug] [2019-08-21T15:37:18.559Z] [iam] checking project loanapplication-9ea79 for permissions ["firebase.projects.get","firebasehosting.sites.update"]
[debug] [2019-08-21T15:37:18.564Z] >>> HTTP REQUEST POST https://cloudresourcemanager.googleapis.com/v1/projects/loanapplication-9ea79:testIamPermissions  

[debug] [2019-08-21T15:37:23.999Z] <<< HTTP RESPONSE 200
[debug] [2019-08-21T15:37:24.001Z] >>> HTTP REQUEST GET https://firebase.googleapis.com/v1beta1/projects/loanapplication-9ea79  
 
[debug] [2019-08-21T15:37:26.347Z] <<< HTTP RESPONSE 200
[info] 
[info] === Deploying to 'loanapplication-9ea79'...
[info] 
[info] i  deploying hosting
[debug] [2019-08-21T15:37:26.351Z] >>> HTTP REQUEST POST https://firebasehosting.googleapis.com/v1beta1/sites/loanapplication-9ea79/versions  

[debug] [2019-08-21T15:37:31.063Z] <<< HTTP RESPONSE 500
[debug] [2019-08-21T15:37:31.063Z] <<< HTTP RESPONSE BODY
[error] 
[error] Error: HTTP Error: 500, Internal error encountered.
[debug] [2019-08-21T15:37:31.067Z] Error Context: {
  "body": {
    "error": {
      "code": 500,
      "message": "Internal error encountered.",
      "status": "INTERNAL"
    }
  },
  "response": {
    "statusCode": 500,
    "body": {
      "error": {
        "code": 500,
        "message": "Internal error encountered.",
        "status": "INTERNAL"
      }
    },
    "headers": {
      "vary": "X-Origin, Referer, Origin,Accept-Encoding",
      "content-type": "application/json; charset=UTF-8",
      "date": "Wed, 21 Aug 2019 15:37:22 GMT",
      "server": "ESF",
      "cache-control": "private",
      "x-xss-protection": "0",
      "x-frame-options": "SAMEORIGIN",
      "x-content-type-options": "nosniff",
      "alt-svc": "quic=\":443\"; ma=2592000; v=\"46,43,39\"",
      "accept-ranges": "none",
      "transfer-encoding": "chunked"
    },
    "request": {
      "uri": {
        "protocol": "https:",
        "slashes": true,
        "auth": null,
        "host": "firebasehosting.googleapis.com",
        "port": 443,
        "hostname": "firebasehosting.googleapis.com",
        "hash": null,
        "search": null,
        "query": null,
        "pathname": "/v1beta1/sites/loanapplication-9ea79/versions",
        "path": "/v1beta1/sites/loanapplication-9ea79/versions",
        "href": "https://firebasehosting.googleapis.com/v1beta1/sites/loanapplication-9ea79/versions"
      },
      "method": "POST"
    }
  }
}
[debug] [2019-08-21T15:37:43.422Z] ----------------------------------------------------------------------
[debug] [2019-08-21T15:37:43.424Z] Command:       /usr/local/bin/node /usr/local/bin/firebase deploy
[debug] [2019-08-21T15:37:43.424Z] CLI Version:   7.2.4
[debug] [2019-08-21T15:37:43.424Z] Platform:      darwin
[debug] [2019-08-21T15:37:43.424Z] Node Version:  v12.8.0
[debug] [2019-08-21T15:37:43.425Z] Time:          Wed Aug 21 2019 21:07:43 GMT+0530 (India Standard Time)
[debug] [2019-08-21T15:37:43.425Z] ----------------------------------------------------------------------
[debug] 
[debug] [2019-08-21T15:37:43.431Z] > command requires scopes: ["email","openid","https://www.googleapis.com/auth/cloudplatformprojects.readonly","https://www.googleapis.com/auth/firebase","https://www.googleapis.com/auth/cloud-platform"]
[debug] [2019-08-21T15:37:43.432Z] > authorizing via signed-in user
[debug] [2019-08-21T15:37:43.432Z] [iam] checking project loanapplication-9ea79 for permissions ["firebase.projects.get","firebasehosting.sites.update"]
[debug] [2019-08-21T15:37:43.433Z] >>> HTTP REQUEST POST https://cloudresourcemanager.googleapis.com/v1/projects/loanapplication-9ea79:testIamPermissions  

[debug] [2019-08-21T15:37:51.214Z] <<< HTTP RESPONSE 200
[debug] [2019-08-21T15:37:51.217Z] >>> HTTP REQUEST GET https://firebase.googleapis.com/v1beta1/projects/loanapplication-9ea79  
 
[debug] [2019-08-21T15:37:52.869Z] <<< HTTP RESPONSE 200
[info] 
[info] === Deploying to 'loanapplication-9ea79'...
[info] 
[info] i  deploying hosting
[debug] [2019-08-21T15:37:52.874Z] >>> HTTP REQUEST POST https://firebasehosting.googleapis.com/v1beta1/sites/loanapplication-9ea79/versions  

[debug] [2019-08-21T15:38:04.455Z] Error: socket hang up
    at connResetException (internal/errors.js:559:14)
    at TLSSocket.socketOnEnd (_http_client.js:433:23)
    at TLSSocket.emit (events.js:208:15)
    at TLSSocket.EventEmitter.emit (domain.js:476:20)
    at endReadableNT (_stream_readable.js:1168:12)
    at processTicksAndRejections (internal/process/task_queues.js:77:11)
[error] 
[error] Error: Server Error. socket hang up
[debug] [2019-08-21T15:39:01.564Z] ----------------------------------------------------------------------
[debug] [2019-08-21T15:39:01.566Z] Command:       /usr/local/bin/node /usr/local/bin/firebase deploy
[debug] [2019-08-21T15:39:01.566Z] CLI Version:   7.2.4
[debug] [2019-08-21T15:39:01.566Z] Platform:      darwin
[debug] [2019-08-21T15:39:01.566Z] Node Version:  v12.8.0
[debug] [2019-08-21T15:39:01.567Z] Time:          Wed Aug 21 2019 21:09:01 GMT+0530 (India Standard Time)
[debug] [2019-08-21T15:39:01.567Z] ----------------------------------------------------------------------
[debug] 
[debug] [2019-08-21T15:39:01.576Z] > command requires scopes: ["email","openid","https://www.googleapis.com/auth/cloudplatformprojects.readonly","https://www.googleapis.com/auth/firebase","https://www.googleapis.com/auth/cloud-platform"]
[debug] [2019-08-21T15:39:01.576Z] > authorizing via signed-in user
[debug] [2019-08-21T15:39:01.576Z] [iam] checking project loanapplication-9ea79 for permissions ["firebase.projects.get","firebasehosting.sites.update"]
[debug] [2019-08-21T15:39:01.578Z] >>> HTTP REQUEST POST https://cloudresourcemanager.googleapis.com/v1/projects/loanapplication-9ea79:testIamPermissions  

[debug] [2019-08-21T15:39:10.285Z] <<< HTTP RESPONSE 200
[debug] [2019-08-21T15:39:10.288Z] >>> HTTP REQUEST GET https://firebase.googleapis.com/v1beta1/projects/loanapplication-9ea79  
 
[debug] [2019-08-21T15:39:17.860Z] <<< HTTP RESPONSE 200
[info] 
[info] === Deploying to 'loanapplication-9ea79'...
[info] 
[info] i  deploying hosting
[debug] [2019-08-21T15:39:17.864Z] >>> HTTP REQUEST POST https://firebasehosting.googleapis.com/v1beta1/sites/loanapplication-9ea79/versions  

[debug] [2019-08-21T15:39:19.599Z] <<< HTTP RESPONSE 500
[debug] [2019-08-21T15:39:19.600Z] <<< HTTP RESPONSE BODY
[error] 
[error] Error: HTTP Error: 500, Internal error encountered.
[debug] [2019-08-21T15:39:19.602Z] Error Context: {
  "body": {
    "error": {
      "code": 500,
      "message": "Internal error encountered.",
      "status": "INTERNAL"
    }
  },
  "response": {
    "statusCode": 500,
    "body": {
      "error": {
        "code": 500,
        "message": "Internal error encountered.",
        "status": "INTERNAL"
      }
    },
    "headers": {
      "vary": "X-Origin, Referer, Origin,Accept-Encoding",
      "content-type": "application/json; charset=UTF-8",
      "date": "Wed, 21 Aug 2019 15:39:10 GMT",
      "server": "ESF",
      "cache-control": "private",
      "x-xss-protection": "0",
      "x-frame-options": "SAMEORIGIN",
      "x-content-type-options": "nosniff",
      "alt-svc": "quic=\":443\"; ma=2592000; v=\"46,43,39\"",
      "accept-ranges": "none",
      "transfer-encoding": "chunked"
    },
    "request": {
      "uri": {
        "protocol": "https:",
        "slashes": true,
        "auth": null,
        "host": "firebasehosting.googleapis.com",
        "port": 443,
        "hostname": "firebasehosting.googleapis.com",
        "hash": null,
        "search": null,
        "query": null,
        "pathname": "/v1beta1/sites/loanapplication-9ea79/versions",
        "path": "/v1beta1/sites/loanapplication-9ea79/versions",
        "href": "https://firebasehosting.googleapis.com/v1beta1/sites/loanapplication-9ea79/versions"
      },
      "method": "POST"
    }
  }
}
